<?xml version="1.0" encoding="UTF-8"?>
<!-- Generated by org.testng.reporters.JUnitReportReporter -->
<testsuite skipped="0" hostname="OsamaAsusLaptop" name="tests.WishListWorksAfterLohin" tests="1" failures="0" timestamp="2020-11-17T17:10:58 EST" time="16.084" errors="0">
  <testcase name="TestWishListWorksAfterLohin" time="16.084" classname="tests.WishListWorksAfterLohin"/>
  <system-out/>
</testsuite> <!-- tests.WishListWorksAfterLohin -->
