<?xml version="1.0" encoding="UTF-8"?>
<!-- Generated by org.testng.reporters.JUnitReportReporter -->
<testsuite skipped="0" hostname="OsamaAsusLaptop" name="tests.CorrectTotalPrice" tests="1" failures="0" timestamp="2020-11-18T18:25:27 EST" time="24.221" errors="0">
  <testcase name="TestCorrectTotalPrice" time="24.221" classname="tests.CorrectTotalPrice"/>
  <system-out/>
</testsuite> <!-- tests.CorrectTotalPrice -->
