<?xml version="1.0" encoding="UTF-8"?>
<!-- Generated by org.testng.reporters.JUnitReportReporter -->
<testsuite skipped="0" hostname="OsamaAsusLaptop" name="tests.BuyOrderFunctionality" tests="1" failures="0" timestamp="2020-11-17T18:32:45 EST" time="29.268" errors="0">
  <testcase name="TestBuyOrderFunctionality" time="29.268" classname="tests.BuyOrderFunctionality"/>
  <system-out/>
</testsuite> <!-- tests.BuyOrderFunctionality -->
