<?xml version="1.0" encoding="UTF-8"?>
<!-- Generated by org.testng.reporters.JUnitReportReporter -->
<testsuite skipped="0" hostname="OsamaAsusLaptop" name="tests.BuyOrderFunctionality" tests="1" failures="0" timestamp="2020-11-17T15:41:42 EST" time="27.450" errors="0">
  <testcase name="testclick" time="27.450" classname="tests.BuyOrderFunctionality"/>
  <system-out/>
</testsuite> <!-- tests.BuyOrderFunctionality -->
